   1              	 .cpu cortex-m0
   2              	 .fpu softvfp
   3              	 .eabi_attribute 20,1
   4              	 .eabi_attribute 21,1
   5              	 .eabi_attribute 23,3
   6              	 .eabi_attribute 24,1
   7              	 .eabi_attribute 25,1
   8              	 .eabi_attribute 26,1
   9              	 .eabi_attribute 30,6
  10              	 .eabi_attribute 34,0
  11              	 .eabi_attribute 18,4
  12              	 .code 16
  13              	 .file "interrupt_conf.c"
  14              	 .text
  15              	.Ltext0:
  16              	 .cfi_sections .debug_frame
  17              	 .global Timer0_INT
  18              	 .section .rodata.Timer0_INT,"a",%progbits
  19              	 .align 2
  22              	Timer0_INT:
  23 0000 0200     	 .short 2
  24 0002 00       	 .byte 0
  25 0003 03       	 .byte 3
  26 0004 01       	 .byte 1
  27 0005 00       	 .space 1
  28 0006 0000     	 .text
  29              	.Letext0:
  30              	 .file 1 "d:\\downloads\\dave_4-4-2_64bit_2018-02-23\\dave-ide-4.4.2-64bit\\dave-ide-4.4.2-64bit\\eclipse\\arm-gcc-49\\arm-none-eabi\\include\\machine\\_default_types.h"
  31              	 .file 2 "d:\\downloads\\dave_4-4-2_64bit_2018-02-23\\dave-ide-4.4.2-64bit\\dave-ide-4.4.2-64bit\\eclipse\\arm-gcc-49\\arm-none-eabi\\include\\stdint.h"
  32              	 .file 3 "D:/Arduino Projects/Youtube/XMC1400 blinking LED With Timers L1P2/LEDblinkingbyTimer/Libraries/CMSIS/Infineon/XMC1400_series/Include/XMC1400.h"
  33              	 .file 4 "D:/Arduino Projects/Youtube/XMC1400 blinking LED With Timers L1P2/LEDblinkingbyTimer/Libraries/XMCLib/inc/xmc1_scu.h"
  34              	 .file 5 "../Dave/Generated/INTERRUPT/interrupt.h"
  35              	 .file 6 "D:/Arduino Projects/Youtube/XMC1400 blinking LED With Timers L1P2/LEDblinkingbyTimer/Libraries/CMSIS/Include/cmsis_gcc.h"
  36              	 .file 7 "D:/Arduino Projects/Youtube/XMC1400 blinking LED With Timers L1P2/LEDblinkingbyTimer/Libraries/CMSIS/Infineon/XMC1400_series/Include/system_XMC1400.h"
  37              	 .file 8 "../Dave/Generated/INTERRUPT/interrupt_conf.c"
DEFINED SYMBOLS
                            *ABS*:00000000 interrupt_conf.c
    {standard input}:22     .rodata.Timer0_INT:00000000 Timer0_INT
    {standard input}:19     .rodata.Timer0_INT:00000000 $d

NO UNDEFINED SYMBOLS
